<?xml version="1.0" encoding="UTF-8"?>
<testsuite name="com.hellokaton.blade.BladeTest" time="8.828" tests="22" errors="0" skipped="0" failures="0">
  <properties>
[...]
</properties>
  <testcase name="testDisableSession" classname="com.hellokaton.blade.BladeTest" time="0.085"/>
  <testcase name="testThreadName" classname="com.hellokaton.blade.BladeTest" time="0"/>
  <testcase name="testBannerText" classname="com.hellokaton.blade.BladeTest" time="0"/>
  <testcase name="testBootConf" classname="com.hellokaton.blade.BladeTest" time="0.001"/>
  <testcase name="testEnv" classname="com.hellokaton.blade.BladeTest" time="0"/>
  <testcase name="testStart" classname="com.hellokaton.blade.BladeTest" time="0.029"/>
  <testcase name="testAppName" classname="com.hellokaton.blade.BladeTest" time="0.001"/>
  <testcase name="testGZIP" classname="com.hellokaton.blade.BladeTest" time="0"/>
  <testcase name="testExceptionHandler" classname="com.hellokaton.blade.BladeTest" time="0.14"/>
  <testcase name="testWatchEnvChange" classname="com.hellokaton.blade.BladeTest" time="0"/>
  <testcase name="testAddStatics" classname="com.hellokaton.blade.BladeTest" time="0"/>
  <testcase name="testSessionType" classname="com.hellokaton.blade.BladeTest" time="0.001"/>
  <testcase name="testTemplate" classname="com.hellokaton.blade.BladeTest" time="0.003"/>
  <testcase name="testShowFileList" classname="com.hellokaton.blade.BladeTest" time="0.001"/>
  <testcase name="testGetBean" classname="com.hellokaton.blade.BladeTest" time="0"/>
  <testcase name="testRegister" classname="com.hellokaton.blade.BladeTest" time="0.001"/>
  <testcase name="testOnStarted" classname="com.hellokaton.blade.BladeTest" time="0"/>
  <testcase name="testListenAddress" classname="com.hellokaton.blade.BladeTest" time="4.533"/>
  <testcase name="testRouteCode" classname="com.hellokaton.blade.BladeTest" time="0.01"/>
  <testcase name="testDevMode" classname="com.hellokaton.blade.BladeTest" time="0"/>
  <testcase name="testListen" classname="com.hellokaton.blade.BladeTest" time="4.023"/>
  <testcase name="testStartedEvent" classname="com.hellokaton.blade.BladeTest" time="0"/>
</testsuite>